<?xml version="1.0" encoding="UTF-8"?>
<!-- Generated by org.testng.reporters.JUnitXMLReporter -->
<testsuite ignored="8" hostname="Monalisha-398-Dev-ThinkPad-E480" failures="0" tests="4" name="test" time="20.144" errors="0" timestamp="01 Sep 2021 12:53:19 GMT">
  <testcase classname="Tests.MidtransTC" name="verifyUserShouldBeAbleToEnterDetailsTest" time="3.439"/>
  <testcase classname="Tests.MidtransTC" name="verifyOrderSummaryPopUp" time="2.075"/>
  <testcase classname="Tests.MidtransTC" name="verifyClickingOnContinueBtnRedirectsUserToPaymentPage" time="1.905"/>
  <testcase classname="Tests.MidtransTC" name="verifyPaymentSectionListTest" time="3.392"/>
  <testcase classname="Tests.MidtransTC" name="verifyBuyNowButtonRedirectsToCheckOutPopUpTest" time="0.0">
    <ignored/>
  </testcase> <!-- verifyBuyNowButtonRedirectsToCheckOutPopUpTest -->
  <testcase classname="Tests.MidtransTC" name="verifyFailedStatusMessageShouldBeVisible" time="0.0">
    <ignored/>
  </testcase> <!-- verifyFailedStatusMessageShouldBeVisible -->
  <testcase classname="Tests.MidtransTC" name="verifyClickingOnBuyNowRedirectsUserToPopUpWindowTest" time="0.0">
    <ignored/>
  </testcase> <!-- verifyClickingOnBuyNowRedirectsUserToPopUpWindowTest -->
  <testcase classname="Tests.MidtransTC" name="verifyClickingOnCheckBoxDiscountedValueShouldAppear" time="0.0">
    <ignored/>
  </testcase> <!-- verifyClickingOnCheckBoxDiscountedValueShouldAppear -->
  <testcase classname="Tests.MidtransTC" name="verifyPillowIsAddedToCartWithAmount" time="0.0">
    <ignored/>
  </testcase> <!-- verifyPillowIsAddedToCartWithAmount -->
  <testcase classname="Tests.MidtransTC" name="verifyIsTextDisplayedTest" time="0.0">
    <ignored/>
  </testcase> <!-- verifyIsTextDisplayedTest -->
  <testcase classname="Tests.MidtransTC" name="verifyAfterDetailsUserShouldRedirectsToNewPageTest" time="0.0">
    <ignored/>
  </testcase> <!-- verifyAfterDetailsUserShouldRedirectsToNewPageTest -->
  <testcase classname="Tests.MidtransTC" name="verifyClickingOnCancelBtnFailedStatusMessageShouldBeVisible" time="0.0">
    <ignored/>
  </testcase> <!-- verifyClickingOnCancelBtnFailedStatusMessageShouldBeVisible -->
</testsuite> <!-- test -->
