<?xml version="1.0" encoding="UTF-8"?>
<testng-results ignored="8" total="12" passed="4" failed="0" skipped="0">
  <reporter-output>
  </reporter-output>
  <suite started-at="2021-09-01T12:52:59Z" name="REGRESSION-TEST" finished-at="2021-09-01T12:53:19Z" duration-ms="20144">
    <groups>
      <group name="Regression">
        <method signature="MidtransTC.verifyClickingOnContinueBtnRedirectsUserToPaymentPage()[pri:7, instance:Tests.MidtransTC@376b4233]" name="verifyClickingOnContinueBtnRedirectsUserToPaymentPage" class="Tests.MidtransTC"/>
        <method signature="MidtransTC.verifyOrderSummaryPopUp()[pri:6, instance:Tests.MidtransTC@376b4233]" name="verifyOrderSummaryPopUp" class="Tests.MidtransTC"/>
        <method signature="MidtransTC.verifyPaymentSectionListTest()[pri:8, instance:Tests.MidtransTC@376b4233]" name="verifyPaymentSectionListTest" class="Tests.MidtransTC"/>
        <method signature="MidtransTC.verifyUserShouldBeAbleToEnterDetailsTest()[pri:5, instance:Tests.MidtransTC@376b4233]" name="verifyUserShouldBeAbleToEnterDetailsTest" class="Tests.MidtransTC"/>
      </group> <!-- Regression -->
    </groups>
    <test started-at="2021-09-01T12:52:59Z" name="test" finished-at="2021-09-01T12:53:19Z" duration-ms="20144">
      <class name="Tests.MidtransTC">
        <test-method is-config="true" signature="setUp()[pri:0, instance:Tests.MidtransTC@376b4233]" started-at="2021-09-01T12:52:59Z" name="setUp" finished-at="2021-09-01T12:53:02Z" duration-ms="2870" status="PASS">
          <reporter-output>
          </reporter-output>
        </test-method> <!-- setUp -->
        <test-method signature="verifyUserShouldBeAbleToEnterDetailsTest()[pri:5, instance:Tests.MidtransTC@376b4233]" started-at="2021-09-01T12:53:02Z" name="verifyUserShouldBeAbleToEnterDetailsTest" finished-at="2021-09-01T12:53:06Z" duration-ms="3439" status="PASS">
          <reporter-output>
          </reporter-output>
        </test-method> <!-- verifyUserShouldBeAbleToEnterDetailsTest -->
        <test-method is-config="true" signature="tearDown()[pri:0, instance:Tests.MidtransTC@376b4233]" started-at="2021-09-01T12:53:06Z" name="tearDown" finished-at="2021-09-01T12:53:06Z" duration-ms="74" status="PASS">
          <reporter-output>
          </reporter-output>
        </test-method> <!-- tearDown -->
        <test-method is-config="true" signature="setUp()[pri:0, instance:Tests.MidtransTC@376b4233]" started-at="2021-09-01T12:53:06Z" name="setUp" finished-at="2021-09-01T12:53:08Z" duration-ms="1946" status="PASS">
          <reporter-output>
          </reporter-output>
        </test-method> <!-- setUp -->
        <test-method signature="verifyOrderSummaryPopUp()[pri:6, instance:Tests.MidtransTC@376b4233]" started-at="2021-09-01T12:53:08Z" name="verifyOrderSummaryPopUp" finished-at="2021-09-01T12:53:10Z" duration-ms="2075" status="PASS">
          <reporter-output>
          </reporter-output>
        </test-method> <!-- verifyOrderSummaryPopUp -->
        <test-method is-config="true" signature="tearDown()[pri:0, instance:Tests.MidtransTC@376b4233]" started-at="2021-09-01T12:53:10Z" name="tearDown" finished-at="2021-09-01T12:53:10Z" duration-ms="71" status="PASS">
          <reporter-output>
          </reporter-output>
        </test-method> <!-- tearDown -->
        <test-method is-config="true" signature="setUp()[pri:0, instance:Tests.MidtransTC@376b4233]" started-at="2021-09-01T12:53:10Z" name="setUp" finished-at="2021-09-01T12:53:12Z" duration-ms="2183" status="PASS">
          <reporter-output>
          </reporter-output>
        </test-method> <!-- setUp -->
        <test-method signature="verifyClickingOnContinueBtnRedirectsUserToPaymentPage()[pri:7, instance:Tests.MidtransTC@376b4233]" started-at="2021-09-01T12:53:12Z" name="verifyClickingOnContinueBtnRedirectsUserToPaymentPage" finished-at="2021-09-01T12:53:14Z" duration-ms="1905" status="PASS">
          <reporter-output>
          </reporter-output>
        </test-method> <!-- verifyClickingOnContinueBtnRedirectsUserToPaymentPage -->
        <test-method is-config="true" signature="tearDown()[pri:0, instance:Tests.MidtransTC@376b4233]" started-at="2021-09-01T12:53:14Z" name="tearDown" finished-at="2021-09-01T12:53:14Z" duration-ms="71" status="PASS">
          <reporter-output>
          </reporter-output>
        </test-method> <!-- tearDown -->
        <test-method is-config="true" signature="setUp()[pri:0, instance:Tests.MidtransTC@376b4233]" started-at="2021-09-01T12:53:14Z" name="setUp" finished-at="2021-09-01T12:53:16Z" duration-ms="2027" status="PASS">
          <reporter-output>
          </reporter-output>
        </test-method> <!-- setUp -->
        <test-method signature="verifyPaymentSectionListTest()[pri:8, instance:Tests.MidtransTC@376b4233]" started-at="2021-09-01T12:53:16Z" name="verifyPaymentSectionListTest" finished-at="2021-09-01T12:53:19Z" duration-ms="3392" status="PASS">
          <reporter-output>
          </reporter-output>
        </test-method> <!-- verifyPaymentSectionListTest -->
        <test-method is-config="true" signature="tearDown()[pri:0, instance:Tests.MidtransTC@376b4233]" started-at="2021-09-01T12:53:19Z" name="tearDown" finished-at="2021-09-01T12:53:19Z" duration-ms="73" status="PASS">
          <reporter-output>
          </reporter-output>
        </test-method> <!-- tearDown -->
      </class> <!-- Tests.MidtransTC -->
    </test> <!-- test -->
  </suite> <!-- REGRESSION-TEST -->
</testng-results>
